2022-07-04 14:57:20,566 INFO RC: Lights OFF
2022-07-04 14:58:43,318 INFO Starting SmartRV...
2022-07-04 14:58:54,483 INFO RC: Lights OFF
2022-07-04 15:11:03,859 INFO Starting SmartRV...
2022-07-04 15:11:11,304 INFO RC: Lights OFF
2022-07-04 15:12:45,099 INFO Starting SmartRV...
2022-07-04 15:12:51,823 INFO RC: Lights OFF
2022-07-04 15:13:35,493 INFO Starting SmartRV...
2022-07-04 15:13:52,972 INFO Starting SmartRV...
2022-07-04 15:13:57,472 INFO RC: Lights OFF
2022-07-04 15:13:57,803 INFO PTT Down
2022-07-04 15:16:55,095 INFO Starting SmartRV...
2022-07-04 15:17:02,378 INFO RC: Lights OFF
2022-07-04 15:17:02,705 INFO PTT Down
2022-07-04 15:17:10,207 INFO Sending: Turning off Lights
2022-07-04 15:17:10,208 INFO PTT UP
2022-07-04 15:25:14,366 INFO Starting SmartRV...
2022-07-04 15:25:24,490 INFO RC: Lights OFF
2022-07-04 15:26:21,646 INFO Starting SmartRV...
2022-07-04 15:26:28,024 INFO RC: Lights OFF
2022-07-04 15:26:28,357 INFO PTT Down
2022-07-04 15:26:28,558 INFO Sending: Turning off Lights W R F R 8 8 6
2022-07-04 15:26:36,332 INFO PTT UP
2022-07-04 15:28:32,571 INFO Starting SmartRV...
2022-07-04 15:29:26,763 INFO Starting SmartRV...
2022-07-04 15:29:35,943 INFO RC: Lights OFF
2022-07-04 15:29:36,261 INFO PTT Down
2022-07-04 15:29:36,462 INFO Sending: Turning off Lights K 0 G E T
2022-07-04 15:29:37,959 INFO PTT UP
2022-07-04 15:35:10,266 INFO Starting SmartRV...
2022-07-04 15:35:20,442 INFO RC: Lights OFF
2022-07-04 15:35:20,773 INFO PTT Down
2022-07-04 15:35:20,974 INFO Sending: Turning off Lights K 0 G E T
2022-07-04 15:35:22,476 INFO PTT UP
2022-07-04 15:36:35,929 INFO RC: Lights OFF
2022-07-04 15:36:36,248 INFO PTT Down
2022-07-04 15:36:36,448 INFO Sending: Turning off Lights K 0 G E T
2022-07-04 15:36:38,037 INFO PTT UP
2022-07-04 15:44:15,010 INFO Starting SmartRV...
2022-07-04 15:44:21,683 INFO RC: Lights OFF
2022-07-04 15:44:22,034 INFO PTT Down
2022-07-04 15:44:22,235 INFO Sending: Turning off Lights K 0 G E T
2022-07-04 15:44:23,800 INFO PTT UP
2022-07-04 15:46:20,071 INFO Starting SmartRV...
2022-07-04 15:46:31,721 INFO RC: Lights OFF
2022-07-04 15:46:32,056 INFO PTT Down
2022-07-04 15:46:32,257 INFO Sending: Turning off Lights K 0 G E T
2022-07-04 15:46:32,832 INFO PTT UP
2022-07-04 15:48:19,090 INFO Starting SmartRV...
2022-07-04 15:48:30,488 INFO RC: Lights OFF
2022-07-04 15:48:31,831 INFO PTT Down
2022-07-04 15:48:32,032 INFO Sending: Turning off Lights K 0 G E T
2022-07-04 15:48:36,626 INFO PTT UP
2022-07-04 15:48:45,393 INFO RC: Lights ON
2022-07-04 15:48:46,713 INFO PTT Down
2022-07-04 15:48:46,914 INFO Sending: Turning on Lights K 0 G E T
2022-07-04 15:48:51,492 INFO PTT UP
2022-07-04 15:49:08,963 INFO RC: Start Generator
2022-07-04 15:49:10,300 INFO PTT Down
2022-07-04 15:49:10,501 INFO Sending: Starting Generator K 0 G E T
2022-07-04 15:49:15,072 INFO PTT UP
2022-07-04 15:49:43,017 INFO RC: Stop Generator
2022-07-04 15:49:44,337 INFO PTT Down
2022-07-04 15:49:44,538 INFO Sending: Stopping Generator K 0 G E T
2022-07-04 15:49:49,112 INFO PTT UP
2022-07-04 15:51:11,222 INFO RC: Lights OFF
2022-07-04 15:51:12,541 INFO PTT Down
2022-07-04 15:51:12,742 INFO Sending: Turning off Lights K 0 G E T
2022-07-04 15:51:17,322 INFO PTT UP
2022-07-04 15:51:52,816 INFO RC: Start Generator
2022-07-04 15:51:54,153 INFO PTT Down
2022-07-04 15:51:54,354 INFO Sending: Starting Generator K 0 G E T
2022-07-04 15:51:58,935 INFO PTT UP
2022-07-04 15:52:15,252 INFO RC: Stop Generator
2022-07-04 15:52:16,572 INFO PTT Down
2022-07-04 15:52:16,773 INFO Sending: Stopping Generator K 0 G E T
2022-07-04 15:52:21,333 INFO PTT UP
2022-07-04 15:52:26,378 INFO RC: Stop Generator
2022-07-04 15:52:27,698 INFO PTT Down
2022-07-04 15:52:27,899 INFO Sending: Stopping Generator K 0 G E T
2022-07-04 15:52:32,473 INFO PTT UP
2022-07-05 21:46:00,908 INFO Starting SmartRV...
2022-07-06 15:10:41,135 INFO Starting SmartRV...
2022-07-06 15:10:54,015 INFO RC: Start Generator
2022-07-06 15:10:55,352 INFO PTT Down
2022-07-06 15:10:55,553 INFO Sending: Starting Generator K 0 G E T
2022-07-06 15:11:00,136 INFO PTT UP
2022-07-06 15:11:30,655 INFO RC: Stop Generator
2022-07-06 15:11:31,975 INFO PTT Down
2022-07-06 15:11:32,175 INFO Sending: Stopping Generator K 0 G E T
2022-07-06 15:11:36,744 INFO PTT UP
2022-07-06 15:12:00,203 INFO RC: Lights ON
2022-07-06 15:12:01,523 INFO PTT Down
2022-07-06 15:12:01,723 INFO Sending: Turning on Lights K 0 G E T
2022-07-06 15:12:06,314 INFO PTT UP
2022-07-06 15:12:07,570 INFO RC: Lights OFF
2022-07-06 15:12:08,891 INFO PTT Down
2022-07-06 15:12:09,091 INFO Sending: Turning off Lights K 0 G E T
2022-07-06 15:12:13,665 INFO PTT UP
2022-07-06 17:02:52,078 INFO Starting SmartRV...
2022-07-06 17:07:11,346 INFO Starting SmartRV...
2022-07-06 17:07:21,416 INFO Starting SmartRV...
2022-07-06 17:07:41,030 INFO Starting SmartRV...
2022-07-06 17:09:24,859 INFO Starting SmartRV...
2022-07-06 17:09:52,115 INFO Starting SmartRV...
2022-07-06 17:10:15,146 INFO Starting SmartRV...
2022-07-06 17:13:01,049 INFO Starting SmartRV...
2022-07-06 17:14:53,194 INFO Starting SmartRV...
2022-07-06 17:15:28,930 INFO Starting SmartRV...
2022-07-06 17:16:06,614 INFO Starting SmartRV...
2022-07-06 17:17:18,969 INFO Starting SmartRV...
2022-07-06 17:17:54,964 INFO Starting SmartRV...
2022-07-06 17:19:11,926 INFO Starting SmartRV...
2022-07-06 17:19:48,229 INFO Starting SmartRV...
2022-07-06 17:20:40,293 INFO Starting SmartRV...
2022-07-06 17:24:00,431 INFO Starting SmartRV...
2022-07-06 17:24:47,670 INFO Starting SmartRV...
2022-07-06 17:26:14,575 INFO Starting SmartRV...
2022-07-06 17:26:32,746 INFO Starting SmartRV...
2022-07-06 17:26:51,246 INFO Starting SmartRV...
2022-07-06 17:27:09,254 INFO Starting SmartRV...
2022-07-06 17:27:41,105 INFO Starting SmartRV...
2022-07-06 17:27:58,546 INFO Starting SmartRV...
2022-07-06 17:28:17,820 INFO Starting SmartRV...
2022-07-06 17:28:33,754 INFO Starting SmartRV...
2022-07-06 17:28:57,012 INFO Starting SmartRV...
2022-07-06 17:29:09,405 INFO Starting SmartRV...
2022-07-06 17:29:22,305 INFO Starting SmartRV...
2022-07-06 17:29:45,680 INFO Starting SmartRV...
2022-07-06 17:36:23,775 INFO Starting SmartRV...
2022-07-06 17:39:56,898 INFO Starting SmartRV...
2022-07-06 18:56:41,938 INFO Starting SmartRV...
2022-07-06 19:10:07,877 INFO Starting SmartRV...
2022-07-06 19:11:13,654 INFO Starting SmartRV...
2022-07-06 19:12:47,902 INFO Starting SmartRV...
2022-07-06 19:14:15,859 INFO Starting SmartRV...
2022-07-06 19:14:16,121 INFO from main
2022-07-06 19:14:26,389 INFO Starting SmartRV...
2022-07-06 19:14:26,639 INFO from main
2022-07-06 19:15:06,239 INFO Starting SmartRV...
2022-07-06 19:15:06,399 INFO from main
2022-07-06 19:16:03,471 INFO Starting SmartRV...
2022-07-06 19:16:22,660 INFO Starting SmartRV...
2022-07-06 19:17:02,261 INFO Starting SmartRV...
2022-07-06 19:17:16,985 INFO Starting SmartRV...
2022-07-06 19:17:17,151 INFO from main
2022-07-06 19:18:10,906 INFO Starting SmartRV...
2022-07-06 19:18:11,126 INFO from main
2022-07-06 19:19:27,622 INFO Starting SmartRV...
2022-07-06 19:19:45,033 INFO Starting SmartRV...
2022-07-06 19:21:24,255 INFO Starting SmartRV...
2022-07-07 21:24:02,152 INFO Starting SmartRV...
2022-07-07 21:26:59,954 INFO Starting SmartRV...
2022-07-07 21:29:33,440 INFO Starting SmartRV...
2022-07-07 21:30:32,254 INFO Starting SmartRV...
2022-07-07 21:30:32,521 INFO from main
2022-07-07 21:30:44,581 INFO Starting SmartRV...
2022-07-07 21:30:44,837 INFO from main
2022-07-07 21:35:56,520 INFO Starting SmartRV...
2022-07-07 21:37:02,027 INFO Starting SmartRV...
2022-07-07 21:41:04,641 INFO Starting SmartRV...
2022-07-07 21:42:32,709 INFO RC: Lights ON
2022-07-07 21:42:34,035 INFO PTT Down
2022-07-07 21:42:34,236 INFO Sending: Turning on Lights K 0 G E T
2022-07-07 21:42:38,802 INFO PTT UP
2022-07-08 11:21:06,524 INFO RC: Lights OFF
2022-07-08 11:21:07,844 INFO PTT Down
2022-07-08 11:21:08,045 INFO Sending: Turning off Lights K 0 G E T
2022-07-08 11:21:12,621 INFO PTT UP
2022-07-08 11:22:05,860 INFO RC: Stop Generator
2022-07-08 11:22:07,180 INFO PTT Down
2022-07-08 11:22:07,380 INFO Sending: Stopping Generator K 0 G E T
2022-07-08 11:22:11,972 INFO PTT UP
2022-07-08 11:22:33,430 INFO RC: Lights OFF
2022-07-08 11:22:34,765 INFO PTT Down
2022-07-08 11:22:34,966 INFO Sending: Turning off Lights K 0 G E T
2022-07-08 11:22:39,549 INFO PTT UP
2022-07-08 11:38:58,772 INFO RC: Lights OFF
2022-07-08 11:39:00,108 INFO PTT Down
2022-07-08 11:39:00,309 INFO Sending: Turning off Lights K 0 G E T
2022-07-08 11:39:04,910 INFO PTT UP
2022-07-08 12:58:59,729 INFO Starting SmartRV...
2022-07-08 12:59:04,964 INFO RC: Lights OFF
2022-07-08 12:59:06,285 INFO PTT Down
2022-07-08 12:59:06,486 INFO Sending: Turning off Lights K 0 G E T
2022-07-08 12:59:11,068 INFO PTT UP
2022-07-08 13:00:16,185 INFO RC: Lights OFF
2022-07-08 13:00:17,515 INFO PTT Down
2022-07-08 13:00:17,715 INFO Sending: Turning off Lights K 0 G E T
2022-07-08 13:00:22,296 INFO PTT UP
2022-07-08 13:00:44,411 INFO RC: Lights OFF
2022-07-08 13:00:45,730 INFO PTT Down
2022-07-08 13:00:45,930 INFO Sending: Turning off Lights K 0 G E T
2022-07-08 13:00:50,497 INFO PTT UP
2022-07-08 13:01:10,710 INFO RC: Lights OFF
2022-07-08 13:01:12,036 INFO PTT Down
2022-07-08 13:01:12,237 INFO Sending: Turning off Lights K 0 G E T
2022-07-08 13:01:16,806 INFO PTT UP
2022-07-08 13:02:32,685 INFO RC: Stop Generator
2022-07-08 13:02:34,018 INFO PTT Down
2022-07-08 13:02:34,219 INFO Sending: Stopping Generator K 0 G E T
2022-07-08 13:02:38,797 INFO PTT UP
2022-07-08 15:17:34,703 INFO Starting SmartRV...
2022-07-08 15:23:20,184 INFO Starting SmartRV...
2022-07-08 15:23:30,567 INFO RC: Lights OFF
2022-07-08 15:23:34,596 INFO PTT Down
2022-07-08 15:23:34,796 INFO Sending: Turning off Lights K 0 G E T
2022-07-08 15:23:39,361 INFO PTT UP
2022-07-08 15:24:20,569 INFO RC: Lights OFF
2022-07-08 15:24:24,600 INFO PTT Down
2022-07-08 15:24:24,801 INFO Sending: Turning off Lights K 0 G E T
2022-07-08 15:24:29,370 INFO PTT UP
2022-07-08 15:24:39,887 INFO RC: Lights OFF
2022-07-08 15:24:43,909 INFO PTT Down
2022-07-08 15:24:44,110 INFO Sending: Turning off Lights K 0 G E T
2022-07-08 15:24:48,692 INFO PTT UP
2022-07-08 15:26:50,290 INFO RC: Lights OFF
2022-07-08 15:26:54,312 INFO PTT Down
2022-07-08 15:26:54,513 INFO Sending: Turning off Lights K 0 G E T
2022-07-08 15:26:59,085 INFO PTT UP
2022-07-08 15:27:56,867 INFO RC: Lights OFF
2022-07-08 15:28:00,890 INFO PTT Down
2022-07-08 15:28:01,091 INFO Sending: Turning off Lights K 0 G E T
2022-07-08 15:28:05,662 INFO PTT UP
2022-07-08 15:34:34,234 INFO RC: Lights OFF
2022-07-08 15:34:38,265 INFO PTT Down
2022-07-08 15:34:38,465 INFO Sending: Turning off Lights K 0 G E T
2022-07-08 15:34:43,031 INFO PTT UP
2022-07-08 15:34:51,973 INFO RC: Lights OFF
2022-07-08 15:34:55,996 INFO PTT Down
2022-07-08 15:34:56,197 INFO Sending: Turning off Lights K 0 G E T
2022-07-08 15:35:00,767 INFO PTT UP
2022-07-08 15:35:38,463 INFO RC: Lights OFF
2022-07-08 15:35:42,486 INFO PTT Down
2022-07-08 15:35:42,686 INFO Sending: Turning off Lights K 0 G E T
2022-07-08 15:35:47,250 INFO PTT UP
2022-07-08 15:35:55,816 INFO RC: Lights OFF
2022-07-08 15:35:59,852 INFO PTT Down
2022-07-08 15:36:00,053 INFO Sending: Turning off Lights K 0 G E T
2022-07-08 15:36:04,630 INFO PTT UP
2022-07-08 15:36:54,612 INFO RC: Start Generator
2022-07-08 15:36:58,644 INFO PTT Down
2022-07-08 15:36:58,845 INFO Sending: Starting Generator K 0 G E T
2022-07-08 15:37:03,424 INFO PTT UP
2022-07-08 15:37:23,804 INFO RC: Stop Generator
2022-07-08 15:37:27,839 INFO PTT Down
2022-07-08 15:37:28,039 INFO Sending: Stopping Generator K 0 G E T
2022-07-08 15:37:32,613 INFO PTT UP
